• Packages in scope: @esim-go/client, @esim-go/utils, @esim-go/workers, esim-go-server
• Running dev:server, dev:workers in 4 packages
• Remote caching disabled
esim-go-server:dev:server: cache bypass, force executing c4c796cf51557361
@esim-go/workers:dev:workers: cache bypass, force executing 3b826f579c1c77ac
esim-go-server:dev:server: $ bun run --watch src/app.ts
@esim-go/workers:dev:workers: $ bun --watch src/index.ts
@esim-go/workers:dev:workers: [14:21:51 UTC] [32mINFO[39m: [36mCatalog sync worker ready[39m
@esim-go/workers:dev:workers:     service: "esim-go"
@esim-go/workers:dev:workers:     component: "CatalogSyncWorker"
@esim-go/workers:dev:workers:     operationType: "worker"
@esim-go/workers:dev:workers:     correlationId: "psplcq699v"
@esim-go/workers:dev:workers: [14:21:51 UTC] [32mINFO[39m: [36mStarting eSIM Go catalog sync workers[39m
@esim-go/workers:dev:workers:     service: "esim-go"
@esim-go/workers:dev:workers:     component: "WorkerMain"
@esim-go/workers:dev:workers:     operationType: "startup"
@esim-go/workers:dev:workers:     correlationId: "waiwze6p92"
@esim-go/workers:dev:workers:     nodeEnv: "development"
@esim-go/workers:dev:workers:     logLevel: "info"
@esim-go/workers:dev:workers:     concurrency: 5
@esim-go/workers:dev:workers: [14:21:51 UTC] [32mINFO[39m: [36mSupabase connection healthy[39m
@esim-go/workers:dev:workers:     service: "esim-go"
@esim-go/workers:dev:workers:     component: "SupabaseService"
@esim-go/workers:dev:workers:     correlationId: "i1qk6qnccr"
@esim-go/workers:dev:workers: [14:21:51 UTC] [32mINFO[39m: [36mStarting catalog sync worker[39m
@esim-go/workers:dev:workers:     service: "esim-go"
@esim-go/workers:dev:workers:     component: "WorkerMain"
@esim-go/workers:dev:workers:     operationType: "startup"
@esim-go/workers:dev:workers:     correlationId: "waiwze6p92"
@esim-go/workers:dev:workers: [14:21:51 UTC] [32mINFO[39m: [36mStarting scheduler worker[39m
@esim-go/workers:dev:workers:     service: "esim-go"
@esim-go/workers:dev:workers:     component: "SchedulerWorker"
@esim-go/workers:dev:workers:     operationType: "scheduler"
@esim-go/workers:dev:workers:     correlationId: "wtu4krzaxr"
@esim-go/workers:dev:workers: [14:21:51 UTC] [32mINFO[39m: [36mInitial queue stats[39m
@esim-go/workers:dev:workers:     service: "esim-go"
@esim-go/workers:dev:workers:     component: "WorkerMain"
@esim-go/workers:dev:workers:     operationType: "startup"
@esim-go/workers:dev:workers:     correlationId: "waiwze6p92"
@esim-go/workers:dev:workers:     waiting: 0
@esim-go/workers:dev:workers:     active: 0
@esim-go/workers:dev:workers:     completed: 0
@esim-go/workers:dev:workers:     failed: 0
@esim-go/workers:dev:workers:     total: 0
@esim-go/workers:dev:workers: [14:21:51 UTC] [32mINFO[39m: [36mAll workers started successfully[39m
@esim-go/workers:dev:workers:     service: "esim-go"
@esim-go/workers:dev:workers:     component: "WorkerMain"
@esim-go/workers:dev:workers:     operationType: "startup"
@esim-go/workers:dev:workers:     correlationId: "waiwze6p92"
@esim-go/workers:dev:workers: [14:21:51 UTC] [32mINFO[39m: [36mScheduler worker started successfully[39m
@esim-go/workers:dev:workers:     service: "esim-go"
@esim-go/workers:dev:workers:     component: "SchedulerWorker"
@esim-go/workers:dev:workers:     operationType: "scheduler"
@esim-go/workers:dev:workers:     correlationId: "wtu4krzaxr"
@esim-go/workers:dev:workers: [14:21:51 UTC] [32mINFO[39m: [36mQueue statistics[39m
@esim-go/workers:dev:workers:     service: "esim-go"
@esim-go/workers:dev:workers:     component: "SchedulerWorker"
@esim-go/workers:dev:workers:     operationType: "queue-stats"
@esim-go/workers:dev:workers:     correlationId: "wtu4krzaxr"
@esim-go/workers:dev:workers:     waiting: 0
@esim-go/workers:dev:workers:     active: 0
@esim-go/workers:dev:workers:     completed: 0
@esim-go/workers:dev:workers:     failed: 0
@esim-go/workers:dev:workers:     total: 0
@esim-go/workers:dev:workers: [14:21:51 UTC] [32mINFO[39m: [36mHealth check server started on port 5002[39m
@esim-go/workers:dev:workers:     service: "esim-go"
@esim-go/workers:dev:workers:     component: "HealthCheck"
@esim-go/workers:dev:workers:     operationType: "health"
@esim-go/workers:dev:workers:     correlationId: "2u9zshudis"
esim-go-server:dev:server: [14:21:52 UTC] [32mINFO[39m: [36mRedis connected[39m
esim-go-server:dev:server:     service: "esim-go-server"
esim-go-server:dev:server:     component: "redis"
esim-go-server:dev:server:     correlationId: "bJyVfOx6-a"
esim-go-server:dev:server:     redisUrl: "redis://default:mypassword@localhost:6379"
esim-go-server:dev:server:     operationType: "redis-connection"
esim-go-server:dev:server: [14:21:52 UTC] [32mINFO[39m: [36meSIM Go Server is ready[39m
esim-go-server:dev:server:     service: "esim-go-server"
esim-go-server:dev:server:     correlationId: "P81rQ9tmj0"
esim-go-server:dev:server:     httpEndpoint: "http://localhost:5001/graphql"
esim-go-server:dev:server:     wsEndpoint: "ws://localhost:5001/graphql"
esim-go-server:dev:server:     port: "5001"
esim-go-server:dev:server:     operationType: "server-startup"
esim-go-server:dev:server: [14:21:52 UTC] [32mINFO[39m: [36mLoading catalog backup data from JSON files[39m
esim-go-server:dev:server:     service: "esim-go-server"
esim-go-server:dev:server:     component: "CatalogBackupService"
esim-go-server:dev:server:     correlationId: "tjI5Douc9G"
esim-go-server:dev:server:     operationType: "backup-load"
@esim-go/workers:dev:workers: [14:21:52 UTC] [32mINFO[39m: [36mFull sync not due[39m
@esim-go/workers:dev:workers:     service: "esim-go"
@esim-go/workers:dev:workers:     component: "SchedulerWorker"
@esim-go/workers:dev:workers:     operationType: "scheduler"
@esim-go/workers:dev:workers:     correlationId: "wtu4krzaxr"
@esim-go/workers:dev:workers:     lastSyncedAt: "2025-07-22T14:07:22.209Z"
@esim-go/workers:dev:workers:     nextSyncAt: "2025-08-21T14:07:22.207Z"
@esim-go/workers:dev:workers:     daysSinceSync: 0
@esim-go/workers:dev:workers:     daysUntilSync: 30
esim-go-server:dev:server: [14:21:52 UTC] [32mINFO[39m: [36mLoaded backup file[39m
esim-go-server:dev:server:     service: "esim-go-server"
esim-go-server:dev:server:     component: "CatalogBackupService"
esim-go-server:dev:server:     correlationId: "tjI5Douc9G"
esim-go-server:dev:server:     fileName: "standard-fixed-bundles.json"
esim-go-server:dev:server:     bundleCount: 6
esim-go-server:dev:server:     operationType: "backup-load"
esim-go-server:dev:server: [14:21:53 UTC] [32mINFO[39m: [36mLoaded backup file[39m
esim-go-server:dev:server:     service: "esim-go-server"
esim-go-server:dev:server:     component: "CatalogBackupService"
esim-go-server:dev:server:     correlationId: "tjI5Douc9G"
esim-go-server:dev:server:     fileName: "standard-unlimited-lite-bundles.json"
esim-go-server:dev:server:     bundleCount: 11
esim-go-server:dev:server:     operationType: "backup-load"
@esim-go/workers:dev:workers: [14:21:52 UTC] [32mINFO[39m: [36mCatalog metadata updated[39m
@esim-go/workers:dev:workers:     service: "esim-go-server"
@esim-go/workers:dev:workers:     component: "CatalogMetadataRepository"
@esim-go/workers:dev:workers:     operationType: "metadata-update"
@esim-go/workers:dev:workers:     correlationId: "VtKdLj6aKL"
@esim-go/workers:dev:workers:     syncVersion: "2025.07"
@esim-go/workers:dev:workers:     totalBundles: 200
@esim-go/workers:dev:workers:     apiHealthStatus: "healthy"
esim-go-server:dev:server: [14:22:02 UTC] [32mINFO[39m: [36mLoaded backup file[39m
esim-go-server:dev:server:     service: "esim-go-server"
esim-go-server:dev:server:     component: "CatalogBackupService"
esim-go-server:dev:server:     correlationId: "tjI5Douc9G"
esim-go-server:dev:server:     fileName: "standard-unlimited-essential-bundles.json"
esim-go-server:dev:server:     bundleCount: 72
esim-go-server:dev:server:     operationType: "backup-load"
esim-go-server:dev:server: [14:22:02 UTC] [32mINFO[39m: [36mBackup data loaded successfully[39m
esim-go-server:dev:server:     service: "esim-go-server"
esim-go-server:dev:server:     component: "CatalogBackupService"
esim-go-server:dev:server:     correlationId: "tjI5Douc9G"
esim-go-server:dev:server:     totalPlans: 607
esim-go-server:dev:server:     operationType: "backup-load"
esim-go-server:dev:server: [14:22:02 UTC] [32mINFO[39m: [36mCatalog Sync Service V2 initialized[39m
esim-go-server:dev:server:     service: "esim-go-server"
esim-go-server:dev:server:     correlationId: "P81rQ9tmj0"
esim-go-server:dev:server:     component: "CatalogSyncServiceV2"
esim-go-server:dev:server:     operationType: "startup"
